[2026-03-11 01:02:54][INFO] 日志系统初始化成功，日志文件: server.log
[2026-03-11 01:02:54][INFO] 服务器准备启动
[2026-03-11 01:02:54][INFO] 服务器启动成功，监听 8080 端口
[2026-03-11 01:02:54][INFO] 线程池创建成功，工作线程数量 = 4
[2026-03-11 01:02:54][INFO] epoll 实例创建成功
[2026-03-11 01:02:54][INFO] 已将监听 fd 加入 epoll, server_fd = 4
[2026-03-11 01:11:30][DEBUG] epoll_wait 返回，就绪 fd 数量 = 1
[2026-03-11 01:11:30][INFO] 有客户端连接, fd = 6, ip = 10.205.199.1, port = 58942
[2026-03-11 01:11:30][DEBUG] 客户端 fd 已加入 epoll, client_fd = 6
[2026-03-11 01:11:30][INFO] 有客户端连接, fd = 7, ip = 10.205.199.1, port = 52761
[2026-03-11 01:11:30][DEBUG] 客户端 fd 已加入 epoll, client_fd = 7
[2026-03-11 01:11:30][DEBUG] epoll_wait 返回，就绪 fd 数量 = 1
[2026-03-11 01:11:30][DEBUG] 客户端 fd 可读，准备交给线程池处理, client_fd = 7
[2026-03-11 01:11:30][DEBUG] 任务已加入线程池, client_fd = 7
[2026-03-11 01:11:30][INFO] 收到请求, fd = 7
GET /hello HTTP/1.1
Host: 10.205.199.132:8080
Connection: keep-alive
Cache-Control: max-age=0
Upgrade-Insecure-Requests: 1
User-Agent: Mozilla/5.0 (Windows NT 10.0; Win64; x64) AppleWebKit/537.36 (KHTML, like Gecko) Chrome/145.0.0.0 Safari/537.36
Accept: text/html,application/xhtml+xml,application/xml;q=0.9,image/avif,image/webp,image/apng,*/*;q=0.8,application/signed-exchange;v=b3;q=0.7
Accept-Encoding: gzip, deflate
Accept-Language: zh-CN,zh;q=0.9,en;q=0.8,zh-TW;q=0.7


[2026-03-11 01:11:30][INFO] 解析请求成功, fd = 7, method = GET, path = /hello, version = HTTP/1.1
[2026-03-11 01:11:30][INFO] 响应发送成功, fd = 7, status = 200 OK, bytes = 210
[2026-03-11 01:11:30][INFO] 连接关闭, fd = 7
