[2026-03-11 01:39:19][INFO] 日志系统初始化成功，日志文件: server.log
[2026-03-11 01:39:19][INFO] 服务器准备启动
[2026-03-11 01:39:19][INFO] 服务器启动成功，监听端口 = 8080
[2026-03-11 01:39:19][INFO] epoll 实例创建成功
[2026-03-11 01:39:19][INFO] 已将监听 fd 加入 epoll, server_fd = 4
[2026-03-11 01:39:19][INFO] 线程池创建成功，工作线程数量 = 4
[2026-03-11 01:39:27][DEBUG] epoll_wait 返回，就绪 fd 数量 = 1
[2026-03-11 01:39:27][INFO] 有客户端连接, fd = 6, ip = 10.205.199.1, port = 51796
[2026-03-11 01:39:27][DEBUG] 客户端 fd 已加入 epoll, client_fd = 6
[2026-03-11 01:39:27][DEBUG] epoll_wait 返回，就绪 fd 数量 = 1
[2026-03-11 01:39:27][DEBUG] 客户端 fd 可读，准备交给线程池处理, client_fd = 6
[2026-03-11 01:39:27][DEBUG] 任务已加入线程池, client_fd = 6
[2026-03-11 01:39:27][INFO] 解析请求成功, fd = 6, method = GET, path = /, version = HTTP/1.1
[2026-03-11 01:39:27][INFO] 响应发送成功, fd = 6, status = 200 OK, bytes = 205
[2026-03-11 01:39:27][INFO] 连接关闭, fd = 6
[2026-03-11 01:39:41][DEBUG] epoll_wait 返回，就绪 fd 数量 = 1
[2026-03-11 01:39:41][INFO] 有客户端连接, fd = 6, ip = 10.205.199.1, port = 58999
[2026-03-11 01:39:41][DEBUG] 客户端 fd 已加入 epoll, client_fd = 6
[2026-03-11 01:39:41][DEBUG] epoll_wait 返回，就绪 fd 数量 = 2
[2026-03-11 01:39:41][INFO] 有客户端连接, fd = 7, ip = 10.205.199.1, port = 57943
[2026-03-11 01:39:41][DEBUG] 客户端 fd 已加入 epoll, client_fd = 7
[2026-03-11 01:39:41][DEBUG] 客户端 fd 可读，准备交给线程池处理, client_fd = 6
[2026-03-11 01:39:41][DEBUG] 任务已加入线程池, client_fd = 6
[2026-03-11 01:39:41][INFO] 解析请求成功, fd = 6, method = GET, path = /hello, version = HTTP/1.1
[2026-03-11 01:39:41][INFO] 响应发送成功, fd = 6, status = 200 OK, bytes = 210
[2026-03-11 01:39:41][INFO] 连接关闭, fd = 6
[2026-03-11 02:22:40][INFO] 日志系统初始化成功，日志文件: server.log
[2026-03-11 02:22:40][INFO] 服务器准备启动
[2026-03-11 02:22:40][INFO] 服务器启动成功，监听端口 = 8080
[2026-03-11 02:22:40][INFO] epoll 实例创建成功
[2026-03-11 02:22:40][INFO] 已将监听 fd 加入 epoll, server_fd = 4
[2026-03-11 02:22:40][INFO] 线程池创建成功，工作线程数量 = 4
[2026-03-11 02:22:49][DEBUG] epoll_wait 返回，就绪 fd 数量 = 1
[2026-03-11 02:22:49][INFO] 有客户端连接, fd = 6, ip = 10.205.199.1, port = 51773
[2026-03-11 02:22:49][DEBUG] 客户端 fd 已加入 epoll, client_fd = 6
[2026-03-11 02:22:49][INFO] 有客户端连接, fd = 7, ip = 10.205.199.1, port = 49668
[2026-03-11 02:22:49][DEBUG] 客户端 fd 已加入 epoll, client_fd = 7
[2026-03-11 02:22:49][DEBUG] epoll_wait 返回，就绪 fd 数量 = 1
[2026-03-11 02:22:49][DEBUG] 客户端 fd 可读，准备交给线程池处理, client_fd = 7
[2026-03-11 02:22:49][DEBUG] 任务已加入线程池, client_fd = 7
[2026-03-11 02:22:49][INFO] 解析请求成功, fd = 7, method = GET, path = /hello, version = HTTP/1.1
[2026-03-11 02:22:49][ERROR] 读取文件失败: ./www/hello.html
[2026-03-11 02:22:49][INFO] 响应发送成功, fd = 7, status = 500 Internal Server Error, bytes = 218
[2026-03-11 02:22:49][INFO] 连接关闭, fd = 7
[2026-03-11 02:23:00][DEBUG] epoll_wait 返回，就绪 fd 数量 = 1
[2026-03-11 02:23:00][DEBUG] 客户端 fd 可读，准备交给线程池处理, client_fd = 6
[2026-03-11 02:23:00][DEBUG] 任务已加入线程池, client_fd = 6
[2026-03-11 02:23:00][INFO] 解析请求成功, fd = 6, method = GET, path = /, version = HTTP/1.1
[2026-03-11 02:23:00][ERROR] 读取文件失败: ./www/index.html
[2026-03-11 02:23:00][INFO] 响应发送成功, fd = 6, status = 500 Internal Server Error, bytes = 218
[2026-03-11 02:23:00][INFO] 连接关闭, fd = 6
[2026-03-11 02:23:00][DEBUG] epoll_wait 返回，就绪 fd 数量 = 1
[2026-03-11 02:23:00][INFO] 有客户端连接, fd = 6, ip = 10.205.199.1, port = 63699
[2026-03-11 02:23:00][DEBUG] 客户端 fd 已加入 epoll, client_fd = 6
[2026-03-11 02:23:00][INFO] 有客户端连接, fd = 7, ip = 10.205.199.1, port = 56128
[2026-03-11 02:23:00][DEBUG] 客户端 fd 已加入 epoll, client_fd = 7
[2026-03-11 02:23:00][DEBUG] epoll_wait 返回，就绪 fd 数量 = 1
[2026-03-11 02:23:00][DEBUG] 客户端 fd 可读，准备交给线程池处理, client_fd = 6
[2026-03-11 02:23:00][DEBUG] 任务已加入线程池, client_fd = 6
[2026-03-11 02:23:00][INFO] 解析请求成功, fd = 6, method = GET, path = /, version = HTTP/1.1
[2026-03-11 02:23:00][ERROR] 读取文件失败: ./www/index.html
[2026-03-11 02:23:00][INFO] 响应发送成功, fd = 6, status = 500 Internal Server Error, bytes = 218
[2026-03-11 02:23:00][INFO] 连接关闭, fd = 6
[2026-03-11 02:23:03][DEBUG] epoll_wait 返回，就绪 fd 数量 = 1
[2026-03-11 02:23:03][INFO] 有客户端连接, fd = 6, ip = 10.205.199.1, port = 53496
[2026-03-11 02:23:03][DEBUG] 客户端 fd 已加入 epoll, client_fd = 6
[2026-03-11 02:23:03][DEBUG] epoll_wait 返回，就绪 fd 数量 = 1
[2026-03-11 02:23:03][DEBUG] 客户端 fd 可读，准备交给线程池处理, client_fd = 7
[2026-03-11 02:23:03][DEBUG] 任务已加入线程池, client_fd = 7
[2026-03-11 02:23:03][INFO] 解析请求成功, fd = 7, method = GET, path = /, version = HTTP/1.1
[2026-03-11 02:23:03][ERROR] 读取文件失败: ./www/index.html
[2026-03-11 02:23:03][INFO] 响应发送成功, fd = 7, status = 500 Internal Server Error, bytes = 218
[2026-03-11 02:23:03][INFO] 连接关闭, fd = 7
[2026-03-11 02:24:05][INFO] 日志系统初始化成功，日志文件: server.log
[2026-03-11 02:24:05][INFO] 服务器准备启动
[2026-03-11 02:24:05][INFO] 服务器启动成功，监听端口 = 8080
[2026-03-11 02:24:05][INFO] epoll 实例创建成功
[2026-03-11 02:24:05][INFO] 已将监听 fd 加入 epoll, server_fd = 4
[2026-03-11 02:24:05][INFO] 线程池创建成功，工作线程数量 = 4
[2026-03-11 02:24:12][INFO] 日志系统初始化成功，日志文件: server.log
[2026-03-11 02:24:12][INFO] 服务器准备启动
[2026-03-11 02:24:12][INFO] 服务器启动成功，监听端口 = 8080
[2026-03-11 02:24:12][INFO] epoll 实例创建成功
[2026-03-11 02:24:12][INFO] 已将监听 fd 加入 epoll, server_fd = 4
[2026-03-11 02:24:12][INFO] 线程池创建成功，工作线程数量 = 4
[2026-03-11 02:24:14][DEBUG] epoll_wait 返回，就绪 fd 数量 = 1
[2026-03-11 02:24:14][INFO] 有客户端连接, fd = 6, ip = 10.205.199.1, port = 65136
[2026-03-11 02:24:14][DEBUG] 客户端 fd 已加入 epoll, client_fd = 6
[2026-03-11 02:24:14][DEBUG] epoll_wait 返回，就绪 fd 数量 = 1
[2026-03-11 02:24:14][DEBUG] 客户端 fd 可读，准备交给线程池处理, client_fd = 6
[2026-03-11 02:24:14][DEBUG] 任务已加入线程池, client_fd = 6
[2026-03-11 02:24:14][INFO] 解析请求成功, fd = 6, method = GET, path = /, version = HTTP/1.1
[2026-03-11 02:24:14][ERROR] 读取文件失败: ./www./index.html
[2026-03-11 02:24:14][INFO] 响应发送成功, fd = 6, status = 500 Internal Server Error, bytes = 218
[2026-03-11 02:24:14][INFO] 连接关闭, fd = 6
[2026-03-11 02:24:14][DEBUG] epoll_wait 返回，就绪 fd 数量 = 1
[2026-03-11 02:24:14][INFO] 有客户端连接, fd = 6, ip = 10.205.199.1, port = 60341
[2026-03-11 02:24:14][DEBUG] 客户端 fd 已加入 epoll, client_fd = 6
[2026-03-11 02:24:16][DEBUG] epoll_wait 返回，就绪 fd 数量 = 1
[2026-03-11 02:24:16][DEBUG] 客户端 fd 可读，准备交给线程池处理, client_fd = 6
[2026-03-11 02:24:16][DEBUG] 任务已加入线程池, client_fd = 6
[2026-03-11 02:24:16][INFO] 解析请求成功, fd = 6, method = GET, path = /, version = HTTP/1.1
[2026-03-11 02:24:16][ERROR] 读取文件失败: ./www./index.html
[2026-03-11 02:24:16][INFO] 响应发送成功, fd = 6, status = 500 Internal Server Error, bytes = 218
[2026-03-11 02:24:16][INFO] 连接关闭, fd = 6
[2026-03-11 02:24:16][DEBUG] epoll_wait 返回，就绪 fd 数量 = 1
[2026-03-11 02:24:16][INFO] 有客户端连接, fd = 6, ip = 10.205.199.1, port = 52475
[2026-03-11 02:24:16][DEBUG] 客户端 fd 已加入 epoll, client_fd = 6
[2026-03-11 02:28:12][INFO] 日志系统初始化成功，日志文件: server.log
[2026-03-11 02:28:12][INFO] 服务器准备启动
[2026-03-11 02:28:12][INFO] 服务器启动成功，监听端口 = 8080
[2026-03-11 02:28:12][INFO] epoll 实例创建成功
[2026-03-11 02:28:12][INFO] 已将监听 fd 加入 epoll, server_fd = 4
[2026-03-11 02:28:12][INFO] 线程池创建成功，工作线程数量 = 4
[2026-03-11 02:28:15][DEBUG] epoll_wait 返回，就绪 fd 数量 = 1
[2026-03-11 02:28:15][INFO] 有客户端连接, fd = 6, ip = 10.205.199.1, port = 61845
[2026-03-11 02:28:15][DEBUG] 客户端 fd 已加入 epoll, client_fd = 6
[2026-03-11 02:28:15][DEBUG] epoll_wait 返回，就绪 fd 数量 = 1
[2026-03-11 02:28:15][DEBUG] 客户端 fd 可读，准备交给线程池处理, client_fd = 6
[2026-03-11 02:28:15][DEBUG] 任务已加入线程池, client_fd = 6
[2026-03-11 02:28:15][INFO] 解析请求成功, fd = 6, method = GET, path = /, version = HTTP/1.1
[2026-03-11 02:28:15][DEBUG] 尝试读取文件: ./www/index.html
[2026-03-11 02:28:15][ERROR] 无法打开文件: ./www/index.html
[2026-03-11 02:28:15][ERROR] 读取文件失败: ./www/index.html
[2026-03-11 02:28:15][INFO] 响应发送成功, fd = 6, status = 500 Internal Server Error, bytes = 218
[2026-03-11 02:28:15][INFO] 连接关闭, fd = 6
[2026-03-11 02:28:15][DEBUG] epoll_wait 返回，就绪 fd 数量 = 1
[2026-03-11 02:28:15][INFO] 有客户端连接, fd = 6, ip = 10.205.199.1, port = 63805
[2026-03-11 02:28:15][DEBUG] 客户端 fd 已加入 epoll, client_fd = 6
[2026-03-11 02:31:52][INFO] 日志系统初始化成功，日志文件: server.log
[2026-03-11 02:31:52][INFO] 服务器准备启动
[2026-03-11 02:31:52][INFO] 服务器启动成功，监听端口 = 8080
[2026-03-11 02:31:52][INFO] epoll 实例创建成功
[2026-03-11 02:31:52][INFO] 已将监听 fd 加入 epoll, server_fd = 4
[2026-03-11 02:31:52][INFO] 线程池创建成功，工作线程数量 = 4
[2026-03-11 02:31:55][DEBUG] epoll_wait 返回，就绪 fd 数量 = 1
[2026-03-11 02:31:55][INFO] 有客户端连接, fd = 6, ip = 10.205.199.1, port = 55005
[2026-03-11 02:31:55][DEBUG] 客户端 fd 已加入 epoll, client_fd = 6
[2026-03-11 02:31:55][INFO] 有客户端连接, fd = 7, ip = 10.205.199.1, port = 59396
[2026-03-11 02:31:55][DEBUG] 客户端 fd 已加入 epoll, client_fd = 7
[2026-03-11 02:31:55][DEBUG] epoll_wait 返回，就绪 fd 数量 = 1
[2026-03-11 02:31:55][DEBUG] 客户端 fd 可读，准备交给线程池处理, client_fd = 6
[2026-03-11 02:31:55][DEBUG] 任务已加入线程池, client_fd = 6
[2026-03-11 02:31:55][INFO] 解析请求成功, fd = 6, method = GET, path = /, version = HTTP/1.1
[2026-03-11 02:31:55][DEBUG] 尝试读取文件: ../www/index.html
[2026-03-11 02:31:55][INFO] 响应发送成功, fd = 6, status = 200 OK, bytes = 223
[2026-03-11 02:31:55][INFO] 连接关闭, fd = 6
